2025-11-26 01:13:14 INFO  [background-preinit] org.hibernate.validator.internal.util.Version - [] HV000001: Hibernate Validator 8.0.1.Final
2025-11-26 01:13:14 INFO  [main] com.project.salemanagement.SalemanagementApplication - [] Starting SalemanagementApplication using Java 23.0.1 with PID 6076 (D:\saleweb_backend\salemanagement\target\classes started by dat-acc in D:\saleweb_backend\salemanagement)
2025-11-26 01:13:14 INFO  [main] com.project.salemanagement.SalemanagementApplication - [] No active profile set, falling back to 1 default profile: "default"
2025-11-26 01:13:16 INFO  [main] org.springframework.data.repository.config.RepositoryConfigurationDelegate - [] Bootstrapping Spring Data JPA repositories in DEFAULT mode.
2025-11-26 01:13:16 INFO  [main] org.springframework.data.repository.config.RepositoryConfigurationDelegate - [] Finished Spring Data repository scanning in 94 ms. Found 7 JPA repository interfaces.
2025-11-26 01:13:17 INFO  [main] org.springframework.boot.web.embedded.tomcat.TomcatWebServer - [] Tomcat initialized with port 9001 (http)
2025-11-26 01:13:17 INFO  [main] org.apache.coyote.http11.Http11NioProtocol - [] Initializing ProtocolHandler ["http-nio-9001"]
2025-11-26 01:13:17 INFO  [main] org.apache.catalina.core.StandardService - [] Starting service [Tomcat]
2025-11-26 01:13:17 INFO  [main] org.apache.catalina.core.StandardEngine - [] Starting Servlet engine: [Apache Tomcat/10.1.28]
2025-11-26 01:13:17 INFO  [main] org.apache.catalina.core.ContainerBase.[Tomcat].[localhost].[/] - [] Initializing Spring embedded WebApplicationContext
2025-11-26 01:13:17 INFO  [main] org.springframework.boot.web.servlet.context.ServletWebServerApplicationContext - [] Root WebApplicationContext: initialization completed in 3593 ms
2025-11-26 01:13:18 INFO  [main] org.hibernate.jpa.internal.util.LogHelper - [] HHH000204: Processing PersistenceUnitInfo [name: default]
2025-11-26 01:13:18 INFO  [main] org.hibernate.Version - [] HHH000412: Hibernate ORM core version 6.5.2.Final
2025-11-26 01:13:18 INFO  [main] org.hibernate.cache.internal.RegionFactoryInitiator - [] HHH000026: Second-level cache disabled
2025-11-26 01:13:19 INFO  [main] org.springframework.orm.jpa.persistenceunit.SpringPersistenceUnitInfo - [] No LoadTimeWeaver setup: ignoring JPA class transformer
2025-11-26 01:13:19 INFO  [main] com.zaxxer.hikari.HikariDataSource - [] HikariPool-1 - Starting...
2025-11-26 01:13:19 INFO  [main] com.zaxxer.hikari.pool.HikariPool - [] HikariPool-1 - Added connection org.postgresql.jdbc.PgConnection@34f60be9
2025-11-26 01:13:19 INFO  [main] com.zaxxer.hikari.HikariDataSource - [] HikariPool-1 - Start completed.
2025-11-26 01:13:21 INFO  [main] org.hibernate.engine.transaction.jta.platform.internal.JtaPlatformInitiator - [] HHH000489: No JTA platform available (set 'hibernate.transaction.jta.platform' to enable JTA platform integration)
2025-11-26 01:13:21 INFO  [main] org.springframework.orm.jpa.LocalContainerEntityManagerFactoryBean - [] Initialized JPA EntityManagerFactory for persistence unit 'default'
2025-11-26 01:13:21 INFO  [main] org.springframework.data.jpa.repository.query.QueryEnhancerFactory - [] Hibernate is in classpath; If applicable, HQL parser will be used.
2025-11-26 01:13:22 INFO  [main] org.springframework.security.config.annotation.authentication.configuration.InitializeAuthenticationProviderBeanManagerConfigurer$InitializeAuthenticationProviderManagerConfigurer - [] Global AuthenticationManager configured with AuthenticationProvider bean with name authenticationProvider
2025-11-26 01:13:22 WARN  [main] org.springframework.security.config.annotation.authentication.configuration.InitializeUserDetailsBeanManagerConfigurer$InitializeUserDetailsManagerConfigurer - [] Global AuthenticationManager configured with an AuthenticationProvider bean. UserDetailsService beans will not be used for username/password login. Consider removing the AuthenticationProvider bean. Alternatively, consider using the UserDetailsService in a manually instantiated DaoAuthenticationProvider.
2025-11-26 01:13:22 WARN  [main] org.springframework.boot.autoconfigure.orm.jpa.JpaBaseConfiguration$JpaWebConfiguration - [] spring.jpa.open-in-view is enabled by default. Therefore, database queries may be performed during view rendering. Explicitly configure spring.jpa.open-in-view to disable this warning
2025-11-26 01:13:22 INFO  [main] org.springframework.boot.actuate.endpoint.web.EndpointLinksResolver - [] Exposing 2 endpoints beneath base path '/actuator'
2025-11-26 01:13:23 INFO  [main] org.apache.coyote.http11.Http11NioProtocol - [] Starting ProtocolHandler ["http-nio-9001"]
2025-11-26 01:13:23 INFO  [main] org.springframework.boot.web.embedded.tomcat.TomcatWebServer - [] Tomcat started on port 9001 (http) with context path '/'
2025-11-26 01:13:23 INFO  [main] com.project.salemanagement.SalemanagementApplication - [] Started SalemanagementApplication in 10.363 seconds (process running for 11.027)
2025-11-26 01:13:35 INFO  [SpringApplicationShutdownHook] org.springframework.orm.jpa.LocalContainerEntityManagerFactoryBean - [] Closing JPA EntityManagerFactory for persistence unit 'default'
2025-11-26 01:13:35 INFO  [SpringApplicationShutdownHook] com.zaxxer.hikari.HikariDataSource - [] HikariPool-1 - Shutdown initiated...
2025-11-26 01:13:35 INFO  [SpringApplicationShutdownHook] com.zaxxer.hikari.HikariDataSource - [] HikariPool-1 - Shutdown completed.
